<?xml version="1.0" encoding="UTF-8"?>
<testng-results ignored="0" total="1" passed="1" failed="0" skipped="0">
  <reporter-output>
  </reporter-output>
  <suite started-at="2022-04-15T17:20:51 GMT-05:00" name="Default suite" finished-at="2022-04-15T17:20:51 GMT-05:00" duration-ms="103">
    <groups>
    </groups>
    <test started-at="2022-04-15T17:20:51 GMT-05:00" name="Default test" finished-at="2022-04-15T17:20:51 GMT-05:00" duration-ms="103">
      <class name="testNG.DemoTestNG">
        <test-method signature="demotestcase()[pri:0, instance:testNG.DemoTestNG@56de5251]" started-at="2022-04-15T17:20:51 GMT-05:00" name="demotestcase" finished-at="2022-04-15T17:20:51 GMT-05:00" duration-ms="18" status="PASS">
          <reporter-output>
          </reporter-output>
        </test-method> <!-- demotestcase -->
      </class> <!-- testNG.DemoTestNG -->
    </test> <!-- Default test -->
  </suite> <!-- Default suite -->
</testng-results>
